2015-06-08 11:41:10.167 eBeaconsApp[6985:93542] DiskCookieStorage changing policy from 2 to 0, cookie file: file:///Users/mikk/Library/Developer/CoreSimulator/Devices/2A33B9F5-86EB-417A-A2CA-09AE5FEAAC1F/data/Containers/Data/Application/B5E7D500-925F-4DB7-9248-5F3AEC337700/Library/Cookies/Cookies.binarycookies
2015-06-08 11:41:10.569 eBeaconsApp[6985:93542] Apache Cordova native platform version 3.8.0 is starting.
2015-06-08 11:41:10.570 eBeaconsApp[6985:93542] Multi-tasking -> Device: YES, App: YES
2015-06-08 11:41:10.590 eBeaconsApp[6985:93542] Unlimited access to network resources
2015-06-08 11:41:10.605 eBeaconsApp[6985:93542] 

Started backup to iCloud! Please be careful.
Your application might be rejected by Apple if you store too much data.
For more information please read "iOS Data Storage Guidelines" at:
https://developer.apple.com/icloud/documentation/data-storage/
To disable web storage backup to iCloud, set the BackupWebStorage preference to "local" in the Cordova config.xml file

2015-06-08 11:41:11.660 eBeaconsApp[6985:93542] Resetting plugins due to page load.
2015-06-08 11:41:11.814 eBeaconsApp[6985:93542] Finished load of: file:///Users/mikk/Library/Developer/CoreSimulator/Devices/2A33B9F5-86EB-417A-A2CA-09AE5FEAAC1F/data/Containers/Bundle/Application/DC204E08-2DC6-4C3B-8BE2-F0592BE178DD/eBeaconsApp.app/www/index.html
2015-06-08 11:41:57.972 eBeaconsApp[7056:94434] DiskCookieStorage changing policy from 2 to 0, cookie file: file:///Users/mikk/Library/Developer/CoreSimulator/Devices/2A33B9F5-86EB-417A-A2CA-09AE5FEAAC1F/data/Containers/Data/Application/205F5434-EE3A-425D-AA44-D6F08512E372/Library/Cookies/Cookies.binarycookies
2015-06-08 11:41:58.048 eBeaconsApp[7056:94434] Apache Cordova native platform version 3.8.0 is starting.
2015-06-08 11:41:58.049 eBeaconsApp[7056:94434] Multi-tasking -> Device: YES, App: YES
2015-06-08 11:41:58.050 eBeaconsApp[7056:94434] Unlimited access to network resources
2015-06-08 11:41:58.054 eBeaconsApp[7056:94434] 

Started backup to iCloud! Please be careful.
Your application might be rejected by Apple if you store too much data.
For more information please read "iOS Data Storage Guidelines" at:
https://developer.apple.com/icloud/documentation/data-storage/
To disable web storage backup to iCloud, set the BackupWebStorage preference to "local" in the Cordova config.xml file

2015-06-08 11:41:58.237 eBeaconsApp[7056:94434] Resetting plugins due to page load.
2015-06-08 11:41:58.318 eBeaconsApp[7056:94434] Finished load of: file:///Users/mikk/Library/Developer/CoreSimulator/Devices/2A33B9F5-86EB-417A-A2CA-09AE5FEAAC1F/data/Containers/Bundle/Application/9589634D-D0AC-4937-AB74-0242DE7995C0/eBeaconsApp.app/www/index.html
2015-06-08 11:42:19.247 eBeaconsApp[7056:94434] Resetting plugins due to page load.
2015-06-08 11:42:19.336 eBeaconsApp[7056:94434] Finished load of: file:///Users/mikk/Library/Developer/CoreSimulator/Devices/2A33B9F5-86EB-417A-A2CA-09AE5FEAAC1F/data/Containers/Bundle/Application/9589634D-D0AC-4937-AB74-0242DE7995C0/eBeaconsApp.app/www/index.html
2015-06-08 11:45:06.794 eBeaconsApp[7172:96049] DiskCookieStorage changing policy from 2 to 0, cookie file: file:///Users/mikk/Library/Developer/CoreSimulator/Devices/2A33B9F5-86EB-417A-A2CA-09AE5FEAAC1F/data/Containers/Data/Application/85B5D367-5870-441E-A48D-AC1E26BF7AA3/Library/Cookies/Cookies.binarycookies
2015-06-08 11:45:06.885 eBeaconsApp[7172:96049] Apache Cordova native platform version 3.8.0 is starting.
2015-06-08 11:45:06.885 eBeaconsApp[7172:96049] Multi-tasking -> Device: YES, App: YES
2015-06-08 11:45:06.887 eBeaconsApp[7172:96049] Unlimited access to network resources
2015-06-08 11:45:06.890 eBeaconsApp[7172:96049] 

Started backup to iCloud! Please be careful.
Your application might be rejected by Apple if you store too much data.
For more information please read "iOS Data Storage Guidelines" at:
https://developer.apple.com/icloud/documentation/data-storage/
To disable web storage backup to iCloud, set the BackupWebStorage preference to "local" in the Cordova config.xml file

2015-06-08 11:45:07.137 eBeaconsApp[7172:96049] Resetting plugins due to page load.
2015-06-08 11:45:07.208 eBeaconsApp[7172:96049] Finished load of: file:///Users/mikk/Library/Developer/CoreSimulator/Devices/2A33B9F5-86EB-417A-A2CA-09AE5FEAAC1F/data/Containers/Bundle/Application/63AC5B95-320D-4D68-AF77-65CC6A7604C2/eBeaconsApp.app/www/index.html
2015-06-08 11:45:20.561 eBeaconsApp[7172:96049] Resetting plugins due to page load.
2015-06-08 11:45:20.616 eBeaconsApp[7172:96049] Finished load of: file:///Users/mikk/Library/Developer/CoreSimulator/Devices/2A33B9F5-86EB-417A-A2CA-09AE5FEAAC1F/data/Containers/Bundle/Application/63AC5B95-320D-4D68-AF77-65CC6A7604C2/eBeaconsApp.app/www/index.html
2015-06-08 11:45:46.933 eBeaconsApp[7230:96562] DiskCookieStorage changing policy from 2 to 0, cookie file: file:///Users/mikk/Library/Developer/CoreSimulator/Devices/2A33B9F5-86EB-417A-A2CA-09AE5FEAAC1F/data/Containers/Data/Application/FFF8A8A4-2EC6-43B3-B3BA-792FEEDD40E3/Library/Cookies/Cookies.binarycookies
2015-06-08 11:45:47.006 eBeaconsApp[7230:96562] Apache Cordova native platform version 3.8.0 is starting.
2015-06-08 11:45:47.007 eBeaconsApp[7230:96562] Multi-tasking -> Device: YES, App: YES
2015-06-08 11:45:47.009 eBeaconsApp[7230:96562] Unlimited access to network resources
2015-06-08 11:45:47.011 eBeaconsApp[7230:96562] 

Started backup to iCloud! Please be careful.
Your application might be rejected by Apple if you store too much data.
For more information please read "iOS Data Storage Guidelines" at:
https://developer.apple.com/icloud/documentation/data-storage/
To disable web storage backup to iCloud, set the BackupWebStorage preference to "local" in the Cordova config.xml file

2015-06-08 11:45:47.283 eBeaconsApp[7230:96562] Resetting plugins due to page load.
2015-06-08 11:45:47.379 eBeaconsApp[7230:96562] Finished load of: file:///Users/mikk/Library/Developer/CoreSimulator/Devices/2A33B9F5-86EB-417A-A2CA-09AE5FEAAC1F/data/Containers/Bundle/Application/C2B9165C-C46C-4042-B0B3-A353B5619B22/eBeaconsApp.app/www/index.html
2015-06-08 11:46:09.284 eBeaconsApp[7230:96562] Resetting plugins due to page load.
2015-06-08 11:46:09.365 eBeaconsApp[7230:96562] Finished load of: file:///Users/mikk/Library/Developer/CoreSimulator/Devices/2A33B9F5-86EB-417A-A2CA-09AE5FEAAC1F/data/Containers/Bundle/Application/C2B9165C-C46C-4042-B0B3-A353B5619B22/eBeaconsApp.app/www/index.html
2015-06-08 11:51:18.227 eBeaconsApp[7230:100391] Terminating since there is no system app.
